#! /usr/share/iverilog-0.10.0/bin/vvp
:ivl_version "0.10.0 (devel)" "(v0_9_6)";
:ivl_delay_selection "TYPICAL";
:vpi_time_precision - 12;
:vpi_module "system";
:vpi_module "vhdl_sys";
:vpi_module "v2005_math";
:vpi_module "va_math";
:vpi_module "v2009";
S_0x2197c00 .scope module, "tb_simple_CPU" "tb_simple_CPU" 2 4;
 .timescale -9 -12;
P_0x21a1540 .param/l "ADDR_BITS" 0 2 7, +C4<0101>;
P_0x21a1580 .param/l "DATA_WIDTH" 0 2 6, +C4<01000>;
P_0x21a15c0 .param/l "INSTR_WIDTH" 0 2 8, +C4<010100>;
v0x21f68a0_0 .var "clk", 0 0;
v0x21f69d0_0 .var "instruction", 19 0;
v0x21f6a90_0 .var "rst", 0 0;
S_0x21cf5e0 .scope module, "SCPU_DUT" "simple_cpu" 2 14, 3 273 0, S_0x2197c00;
 .timescale -9 -12;
    .port_info 0 /INPUT 1 "clk"
    .port_info 1 /INPUT 1 "rst"
    .port_info 2 /INPUT 20 "instruction"
P_0x21d22f0 .param/l "ADDR_BITS" 0 3 276, +C4<0101>;
P_0x21d2330 .param/l "DATA_WIDTH" 0 3 275, +C4<01000>;
P_0x21d2370 .param/l "INSTR_WIDTH" 0 3 277, +C4<010100>;
L_0x21f6c70 .functor BUFZ 8, v0x21f2d30_0, C4<00000000>, C4<00000000>, C4<00000000>;
L_0x21f7650 .functor BUFZ 8, v0x21f2e10_0, C4<00000000>, C4<00000000>, C4<00000000>;
v0x21f4880_0 .net *"_s10", 0 0, L_0x21f6eb0;  1 drivers
v0x21f4960_0 .net *"_s12", 2 0, L_0x21f6ff0;  1 drivers
L_0x7f9ed6cb80a8 .functor BUFT 1, C4<00>, C4<0>, C4<0>, C4<0>;
v0x21f4a40_0 .net *"_s15", 1 0, L_0x7f9ed6cb80a8;  1 drivers
L_0x7f9ed6cb80f0 .functor BUFT 1, C4<001>, C4<0>, C4<0>, C4<0>;
v0x21f4b00_0 .net/2u *"_s16", 2 0, L_0x7f9ed6cb80f0;  1 drivers
v0x21f4be0_0 .net *"_s18", 0 0, L_0x21f70e0;  1 drivers
L_0x7f9ed6cb8138 .functor BUFT 1, C4<xxxxxxxx>, C4<0>, C4<0>, C4<0>;
v0x21f4cf0_0 .net *"_s20", 7 0, L_0x7f9ed6cb8138;  1 drivers
v0x21f4dd0_0 .net *"_s22", 7 0, L_0x21f72a0;  1 drivers
v0x21f4eb0_0 .net *"_s28", 1 0, L_0x21f7710;  1 drivers
L_0x7f9ed6cb8180 .functor BUFT 1, C4<0>, C4<0>, C4<0>, C4<0>;
v0x21f4f90_0 .net *"_s31", 0 0, L_0x7f9ed6cb8180;  1 drivers
L_0x7f9ed6cb81c8 .functor BUFT 1, C4<00>, C4<0>, C4<0>, C4<0>;
v0x21f5100_0 .net/2u *"_s32", 1 0, L_0x7f9ed6cb81c8;  1 drivers
v0x21f51e0_0 .net *"_s34", 0 0, L_0x21f78a0;  1 drivers
v0x21f52a0_0 .net *"_s36", 2 0, L_0x21f79e0;  1 drivers
L_0x7f9ed6cb8210 .functor BUFT 1, C4<00>, C4<0>, C4<0>, C4<0>;
v0x21f5380_0 .net *"_s39", 1 0, L_0x7f9ed6cb8210;  1 drivers
v0x21f5460_0 .net *"_s4", 1 0, L_0x21f6da0;  1 drivers
L_0x7f9ed6cb8258 .functor BUFT 1, C4<001>, C4<0>, C4<0>, C4<0>;
v0x21f5540_0 .net/2u *"_s40", 2 0, L_0x7f9ed6cb8258;  1 drivers
v0x21f5620_0 .net *"_s42", 0 0, L_0x21f7b70;  1 drivers
L_0x7f9ed6cb82a0 .functor BUFT 1, C4<xxxxxxxx>, C4<0>, C4<0>, C4<0>;
v0x21f56e0_0 .net *"_s44", 7 0, L_0x7f9ed6cb82a0;  1 drivers
v0x21f5890_0 .net *"_s46", 7 0, L_0x21f7c60;  1 drivers
L_0x7f9ed6cb8018 .functor BUFT 1, C4<0>, C4<0>, C4<0>, C4<0>;
v0x21f5930_0 .net *"_s7", 0 0, L_0x7f9ed6cb8018;  1 drivers
L_0x7f9ed6cb8060 .functor BUFT 1, C4<00>, C4<0>, C4<0>, C4<0>;
v0x21f5a10_0 .net/2u *"_s8", 1 0, L_0x7f9ed6cb8060;  1 drivers
v0x21f5af0_0 .net "clk", 0 0, v0x21f68a0_0;  1 drivers
v0x21f5b90_0 .net "data_in_i", 7 0, L_0x21f7650;  1 drivers
v0x21f5c50_0 .net "data_out_i", 7 0, v0x21f4540_0;  1 drivers
v0x21f5d20_0 .net "instruction", 19 0, v0x21f69d0_0;  1 drivers
v0x21f5df0_0 .net "offset_i", 7 0, v0x21f2b20_0;  1 drivers
v0x21f5ec0_0 .net "opcode_i", 3 0, v0x21f2c00_0;  1 drivers
v0x21f5f60_0 .net "operand_1_i", 7 0, v0x21f2d30_0;  1 drivers
v0x21f6020_0 .net "operand_2_i", 7 0, v0x21f2e10_0;  1 drivers
v0x21f60f0_0 .net "operand_a_i", 7 0, L_0x21f6c70;  1 drivers
v0x21f61c0_0 .net "operand_b_i", 7 0, L_0x21f7470;  1 drivers
v0x21f6290_0 .net "result1_i", 7 0, v0x21f3a80_0;  1 drivers
v0x21f6360_0 .net "result2_i", 7 0, L_0x21f7e10;  1 drivers
v0x21f6430_0 .net "rst", 0 0, v0x21f6a90_0;  1 drivers
v0x21f57b0_0 .net "sel1_i", 0 0, v0x21f31e0_0;  1 drivers
v0x21f66e0_0 .net "sel3_i", 0 0, v0x21f32a0_0;  1 drivers
v0x21f67b0_0 .net "wen_i", 0 0, v0x21f3440_0;  1 drivers
L_0x21f6b80 .part v0x21f3a80_0, 0, 5;
L_0x21f6da0 .concat [ 1 1 0 0], v0x21f32a0_0, L_0x7f9ed6cb8018;
L_0x21f6eb0 .cmp/eq 2, L_0x21f6da0, L_0x7f9ed6cb8060;
L_0x21f6ff0 .concat [ 1 2 0 0], v0x21f32a0_0, L_0x7f9ed6cb80a8;
L_0x21f70e0 .cmp/eq 3, L_0x21f6ff0, L_0x7f9ed6cb80f0;
L_0x21f72a0 .functor MUXZ 8, L_0x7f9ed6cb8138, v0x21f2b20_0, L_0x21f70e0, C4<>;
L_0x21f7470 .functor MUXZ 8, L_0x21f72a0, v0x21f2e10_0, L_0x21f6eb0, C4<>;
L_0x21f7710 .concat [ 1 1 0 0], v0x21f31e0_0, L_0x7f9ed6cb8180;
L_0x21f78a0 .cmp/eq 2, L_0x21f7710, L_0x7f9ed6cb81c8;
L_0x21f79e0 .concat [ 1 2 0 0], v0x21f31e0_0, L_0x7f9ed6cb8210;
L_0x21f7b70 .cmp/eq 3, L_0x21f79e0, L_0x7f9ed6cb8258;
L_0x21f7c60 .functor MUXZ 8, L_0x7f9ed6cb82a0, v0x21f3a80_0, L_0x21f7b70, C4<>;
L_0x21f7e10 .functor MUXZ 8, L_0x21f7c60, v0x21f4540_0, L_0x21f78a0, C4<>;
S_0x21b7b10 .scope module, "CU1" "CU" 3 306, 3 4 0, S_0x21cf5e0;
 .timescale -9 -12;
    .port_info 0 /INPUT 1 "clk"
    .port_info 1 /INPUT 1 "rst"
    .port_info 2 /INPUT 20 "instr"
    .port_info 3 /INPUT 8 "result2"
    .port_info 4 /OUTPUT 8 "operand1"
    .port_info 5 /OUTPUT 8 "operand2"
    .port_info 6 /OUTPUT 8 "offset"
    .port_info 7 /OUTPUT 4 "opcode"
    .port_info 8 /OUTPUT 1 "sel1"
    .port_info 9 /OUTPUT 1 "sel3"
    .port_info 10 /OUTPUT 1 "w_r"
P_0x21bcf10 .param/l "ADDR_BITS" 0 3 7, +C4<0101>;
P_0x21bcf50 .param/l "DATA_WIDTH" 0 3 6, +C4<01000>;
P_0x21bcf90 .param/l "DECODE" 0 3 27, C4<0001>;
P_0x21bcfd0 .param/l "EXECUTE" 0 3 28, C4<0010>;
P_0x21bd010 .param/l "INSTR_WIDTH" 0 3 8, +C4<010100>;
P_0x21bd050 .param/l "MEM_ACCESS" 0 3 29, C4<0100>;
P_0x21bd090 .param/l "RESET" 0 3 26, C4<0000>;
P_0x21bd0d0 .param/l "WRITE_BACK" 0 3 30, C4<1000>;
v0x2197a60_0 .net "clk", 0 0, v0x21f68a0_0;  alias, 1 drivers
v0x21f2950_0 .net "instr", 19 0, v0x21f69d0_0;  alias, 1 drivers
v0x21f2a30_0 .var "instruction", 19 0;
v0x21f2b20_0 .var "offset", 7 0;
v0x21f2c00_0 .var "opcode", 3 0;
v0x21f2d30_0 .var "operand1", 7 0;
v0x21f2e10_0 .var "operand2", 7 0;
v0x21f2ef0 .array "regfile", 3 0, 7 0;
v0x21f2fb0_0 .net "result2", 7 0, L_0x21f7e10;  alias, 1 drivers
v0x21f3120_0 .net "rst", 0 0, v0x21f6a90_0;  alias, 1 drivers
v0x21f31e0_0 .var "sel1", 0 0;
v0x21f32a0_0 .var "sel3", 0 0;
v0x21f3360_0 .var "state", 3 0;
v0x21f3440_0 .var "w_r", 0 0;
E_0x217f270 .event posedge, v0x2197a60_0;
S_0x21f36c0 .scope module, "alu1" "alu" 3 300, 3 187 0, S_0x21cf5e0;
 .timescale -9 -12;
    .port_info 0 /INPUT 1 "clk"
    .port_info 1 /INPUT 8 "A"
    .port_info 2 /INPUT 8 "B"
    .port_info 3 /INPUT 4 "opcode"
    .port_info 4 /OUTPUT 8 "ALU_result"
P_0x21f3860 .param/l "DATA_WIDTH" 0 3 188, +C4<01000>;
v0x21f39a0_0 .net "A", 7 0, L_0x21f6c70;  alias, 1 drivers
v0x21f3a80_0 .var "ALU_result", 7 0;
v0x21f3b60_0 .net "B", 7 0, L_0x21f7470;  alias, 1 drivers
v0x21f3c50_0 .net "clk", 0 0, v0x21f68a0_0;  alias, 1 drivers
v0x21f3d20_0 .net "opcode", 3 0, v0x21f2c00_0;  alias, 1 drivers
S_0x21f3ec0 .scope module, "data_memory" "reg_mem" 3 303, 3 243 0, S_0x21cf5e0;
 .timescale -9 -12;
    .port_info 0 /INPUT 5 "addr"
    .port_info 1 /INPUT 8 "data_in"
    .port_info 2 /INPUT 1 "wen"
    .port_info 3 /INPUT 1 "clk"
    .port_info 4 /OUTPUT 8 "data_out"
P_0x21f4090 .param/l "ADDR_BITS" 0 3 246, +C4<0101>;
P_0x21f40d0 .param/l "DATA_WIDTH" 0 3 245, +C4<01000>;
v0x21f42b0_0 .net "addr", 4 0, L_0x21f6b80;  1 drivers
v0x21f4390_0 .net "clk", 0 0, v0x21f68a0_0;  alias, 1 drivers
v0x21f44a0_0 .net "data_in", 7 0, L_0x21f7650;  alias, 1 drivers
v0x21f4540_0 .var "data_out", 7 0;
v0x21f4620 .array "mem_array", 0 31, 7 0;
v0x21f4730_0 .net "wen", 0 0, v0x21f3440_0;  alias, 1 drivers
    .scope S_0x21f36c0;
T_0 ;
    %wait E_0x217f270;
    %load/v 8, v0x21f3d20_0, 4;
    %cmpi/u 8, 0, 4;
    %jmp/1 T_0.0, 6;
    %cmpi/u 8, 1, 4;
    %jmp/1 T_0.1, 6;
    %cmpi/u 8, 2, 4;
    %jmp/1 T_0.2, 6;
    %cmpi/u 8, 3, 4;
    %jmp/1 T_0.3, 6;
    %cmpi/u 8, 4, 4;
    %jmp/1 T_0.4, 6;
    %cmpi/u 8, 5, 4;
    %jmp/1 T_0.5, 6;
    %cmpi/u 8, 6, 4;
    %jmp/1 T_0.6, 6;
    %cmpi/u 8, 7, 4;
    %jmp/1 T_0.7, 6;
    %cmpi/u 8, 8, 4;
    %jmp/1 T_0.8, 6;
    %cmpi/u 8, 9, 4;
    %jmp/1 T_0.9, 6;
    %cmpi/u 8, 10, 4;
    %jmp/1 T_0.10, 6;
    %cmpi/u 8, 11, 4;
    %jmp/1 T_0.11, 6;
    %cmpi/u 8, 12, 4;
    %jmp/1 T_0.12, 6;
    %cmpi/u 8, 13, 4;
    %jmp/1 T_0.13, 6;
    %cmpi/u 8, 14, 4;
    %jmp/1 T_0.14, 6;
    %cmpi/u 8, 15, 4;
    %jmp/1 T_0.15, 6;
    %jmp T_0.16;
T_0.0 ;
    %load/v 8, v0x21f39a0_0, 8;
    %load/v 16, v0x21f3b60_0, 8;
    %add 8, 16, 8;
    %set/v v0x21f3a80_0, 8, 8;
    %jmp T_0.16;
T_0.1 ;
    %load/v 8, v0x21f39a0_0, 8;
    %load/v 16, v0x21f3b60_0, 8;
    %sub 8, 16, 8;
    %set/v v0x21f3a80_0, 8, 8;
    %jmp T_0.16;
T_0.2 ;
    %load/v 8, v0x21f3b60_0, 8;
    %load/v 16, v0x21f39a0_0, 8;
    %mul 8, 16, 8;
    %set/v v0x21f3a80_0, 8, 8;
    %jmp T_0.16;
T_0.3 ;
    %load/v 8, v0x21f39a0_0, 8;
    %load/v 16, v0x21f3b60_0, 8;
    %div 8, 16, 8;
    %set/v v0x21f3a80_0, 8, 8;
    %jmp T_0.16;
T_0.4 ;
    %load/v 8, v0x21f3a80_0, 8;
    %load/v 16, v0x21f39a0_0, 8;
    %add 16, 8, 8;
    %set/v v0x21f3a80_0, 16, 8;
    %jmp T_0.16;
T_0.5 ;
    %load/v 8, v0x21f3a80_0, 8;
    %load/v 16, v0x21f39a0_0, 8;
    %mul 16, 8, 8;
    %set/v v0x21f3a80_0, 16, 8;
    %jmp T_0.16;
T_0.6 ;
    %load/v 8, v0x21f3a80_0, 8;
    %load/v 16, v0x21f39a0_0, 8;
    %load/v 24, v0x21f3b60_0, 8;
    %mul 16, 24, 8;
    %add 16, 8, 8;
    %set/v v0x21f3a80_0, 16, 8;
    %jmp T_0.16;
T_0.7 ;
    %ix/load 1, 7, 0;
    %mov 4, 0, 1;
    %jmp/1 T_0.17, 4;
    %load/x1p 16, v0x21f39a0_0, 1;
    %jmp T_0.18;
T_0.17 ;
    %mov 16, 2, 1;
T_0.18 ;
    %mov 8, 16, 1; Move signal select into place
    %load/v 9, v0x21f39a0_0, 7; Select 7 out of 8 bits
    %set/v v0x21f3a80_0, 8, 8;
    %jmp T_0.16;
T_0.8 ;
    %ix/load 1, 1, 0;
    %mov 4, 0, 1;
    %jmp/1 T_0.19, 4;
    %load/x1p 16, v0x21f39a0_0, 7;
    %jmp T_0.20;
T_0.19 ;
    %mov 16, 2, 7;
T_0.20 ;
    %mov 8, 16, 7; Move signal select into place
    %load/v 15, v0x21f39a0_0, 1; Select 1 out of 8 bits
    %set/v v0x21f3a80_0, 8, 8;
    %jmp T_0.16;
T_0.9 ;
    %load/v 8, v0x21f39a0_0, 8;
    %load/v 16, v0x21f3b60_0, 8;
    %and 8, 16, 8;
    %set/v v0x21f3a80_0, 8, 8;
    %jmp T_0.16;
T_0.10 ;
    %load/v 8, v0x21f39a0_0, 8;
    %load/v 16, v0x21f3b60_0, 8;
    %or 8, 16, 8;
    %set/v v0x21f3a80_0, 8, 8;
    %jmp T_0.16;
T_0.11 ;
    %load/v 8, v0x21f39a0_0, 8;
    %load/v 16, v0x21f3b60_0, 8;
    %xor 8, 16, 8;
    %set/v v0x21f3a80_0, 8, 8;
    %jmp T_0.16;
T_0.12 ;
    %load/v 8, v0x21f39a0_0, 8;
    %load/v 16, v0x21f3b60_0, 8;
    %and 8, 16, 8;
    %inv 8, 8;
    %set/v v0x21f3a80_0, 8, 8;
    %jmp T_0.16;
T_0.13 ;
    %load/v 8, v0x21f39a0_0, 8;
    %load/v 16, v0x21f3b60_0, 8;
    %cmp/u 8, 16, 8;
    %mov 8, 4, 1;
    %jmp/0  T_0.21, 8;
    %mov 9, 1, 8;
    %jmp/1  T_0.23, 8;
T_0.21 ; End of true expr.
    %jmp/0  T_0.22, 8;
 ; End of false expr.
    %blend  9, 0, 8; Condition unknown.
    %jmp  T_0.23;
T_0.22 ;
    %mov 9, 0, 8; Return false value
T_0.23 ;
    %set/v v0x21f3a80_0, 9, 8;
    %jmp T_0.16;
T_0.14 ;
    %load/v 8, v0x21f3b60_0, 8;
    %load/v 16, v0x21f39a0_0, 8;
    %cmp/u 8, 16, 8;
    %jmp/0xz  T_0.24, 5;
    %set/v v0x21f3a80_0, 1, 8;
    %jmp T_0.25;
T_0.24 ;
    %set/v v0x21f3a80_0, 0, 8;
T_0.25 ;
    %jmp T_0.16;
T_0.15 ;
    %load/v 8, v0x21f39a0_0, 8;
    %load/v 16, v0x21f3b60_0, 8;
    %cmp/u 8, 16, 8;
    %jmp/0xz  T_0.26, 5;
    %set/v v0x21f3a80_0, 1, 8;
    %jmp T_0.27;
T_0.26 ;
    %set/v v0x21f3a80_0, 0, 8;
T_0.27 ;
    %jmp T_0.16;
T_0.16 ;
    %jmp T_0;
    .thread T_0;
    .scope S_0x21f3ec0;
T_1 ;
    %wait E_0x217f270;
    %load/v 8, v0x21f4730_0, 1;
    %jmp/0xz  T_1.0, 8;
    %load/v 8, v0x21f44a0_0, 8;
    %load/v 16, v0x21f42b0_0, 5;
    %pad 21, 0, 2;
    %ix/get 3, 16, 7;
    %jmp/1 t_3, 4;
    %ix/load 1, 0, 0; part off
    %ix/load 0, 8, 0; word width
    %assign/av v0x21f4620, 0, 8;
t_3 ;
    %ix/load 0, 8, 0;
    %assign/v0 v0x21f4540_0, 8000, 0;
    %jmp T_1.1;
T_1.0 ;
    %load/v 16, v0x21f42b0_0, 5;
    %pad 21, 0, 2;
    %ix/get 3, 16, 7;
    %load/av 8, v0x21f4620, 8;
    %ix/load 0, 8, 0;
    %assign/v0 v0x21f4540_0, 0, 8;
T_1.1 ;
    %jmp T_1;
    .thread T_1;
    .scope S_0x21b7b10;
T_2 ;
    %set/v v0x21f3360_0, 0, 4;
    %end;
    .thread T_2;
    .scope S_0x21b7b10;
T_3 ;
    %wait E_0x217f270;
    %load/v 8, v0x21f2950_0, 20;
    %set/v v0x21f2a30_0, 8, 20;
    %load/v 8, v0x21f3360_0, 4;
    %cmpi/u 8, 0, 4;
    %jmp/1 T_3.0, 6;
    %cmpi/u 8, 1, 4;
    %jmp/1 T_3.1, 6;
    %cmpi/u 8, 2, 4;
    %jmp/1 T_3.2, 6;
    %cmpi/u 8, 4, 4;
    %jmp/1 T_3.3, 6;
    %cmpi/u 8, 8, 4;
    %jmp/1 T_3.4, 6;
    %set/v v0x21f3360_0, 0, 4;
    %jmp T_3.6;
T_3.0 ;
    %ix/load 1, 18, 0;
    %mov 4, 0, 1;
    %jmp/1 T_3.7, 4;
    %load/x1p 8, v0x21f2a30_0, 2;
    %jmp T_3.8;
T_3.7 ;
    %mov 8, 2, 2;
T_3.8 ;
; Save base=8 wid=2 in lookaside.
    %cmpi/u 8, 0, 2;
    %jmp/0xz  T_3.9, 4;
    %set/v v0x21f3360_0, 0, 4;
    %jmp T_3.10;
T_3.9 ;
    %movi 8, 1, 4;
    %set/v v0x21f3360_0, 8, 4;
T_3.10 ;
    %ix/load 3, 0, 0; address
    %ix/load 1, 0, 0; part off
    %ix/load 0, 8, 0; word width
    %assign/av v0x21f2ef0, 0, 0;
t_4 ;
    %movi 8, 1, 8;
    %ix/load 3, 1, 0; address
    %ix/load 1, 0, 0; part off
    %ix/load 0, 8, 0; word width
    %assign/av v0x21f2ef0, 0, 8;
t_5 ;
    %movi 8, 2, 8;
    %ix/load 3, 2, 0; address
    %ix/load 1, 0, 0; part off
    %ix/load 0, 8, 0; word width
    %assign/av v0x21f2ef0, 0, 8;
t_6 ;
    %movi 8, 3, 8;
    %ix/load 3, 3, 0; address
    %ix/load 1, 0, 0; part off
    %ix/load 0, 8, 0; word width
    %assign/av v0x21f2ef0, 0, 8;
t_7 ;
    %ix/load 0, 8, 0;
    %assign/v0 v0x21f2d30_0, 8000, 0;
    %ix/load 0, 8, 0;
    %assign/v0 v0x21f2e10_0, 8000, 0;
    %ix/load 0, 8, 0;
    %assign/v0 v0x21f2b20_0, 8000, 0;
    %ix/load 0, 4, 0;
    %assign/v0 v0x21f2c00_0, 0, 1;
    %ix/load 0, 1, 0;
    %assign/v0 v0x21f31e0_0, 0, 0;
    %ix/load 0, 1, 0;
    %assign/v0 v0x21f32a0_0, 0, 0;
    %ix/load 0, 1, 0;
    %assign/v0 v0x21f3440_0, 0, 0;
    %jmp T_3.6;
T_3.1 ;
    %movi 8, 2, 4;
    %set/v v0x21f3360_0, 8, 4;
    %ix/load 1, 18, 0;
    %mov 4, 0, 1;
    %jmp/1 T_3.11, 4;
    %load/x1p 8, v0x21f2a30_0, 2;
    %jmp T_3.12;
T_3.11 ;
    %mov 8, 2, 2;
T_3.12 ;
; Save base=8 wid=2 in lookaside.
    %cmpi/u 8, 1, 2;
    %jmp/0xz  T_3.13, 4;
    %ix/load 1, 14, 0;
    %mov 4, 0, 1;
    %jmp/1 T_3.15, 4;
    %load/x1p 20, v0x21f2a30_0, 2;
    %jmp T_3.16;
T_3.15 ;
    %mov 20, 2, 2;
T_3.16 ;
    %mov 16, 20, 2; Move signal select into place
    %pad 18, 0, 2;
    %ix/get 3, 16, 4;
    %load/av 8, v0x21f2ef0, 8;
    %ix/load 0, 8, 0;
    %assign/v0 v0x21f2d30_0, 0, 8;
    %ix/load 1, 12, 0;
    %mov 4, 0, 1;
    %jmp/1 T_3.17, 4;
    %load/x1p 20, v0x21f2a30_0, 2;
    %jmp T_3.18;
T_3.17 ;
    %mov 20, 2, 2;
T_3.18 ;
    %mov 16, 20, 2; Move signal select into place
    %pad 18, 0, 2;
    %ix/get 3, 16, 4;
    %load/av 8, v0x21f2ef0, 8;
    %ix/load 0, 8, 0;
    %assign/v0 v0x21f2e10_0, 0, 8;
    %ix/load 1, 4, 0;
    %mov 4, 0, 1;
    %jmp/1 T_3.19, 4;
    %load/x1p 8, v0x21f2a30_0, 8;
    %jmp T_3.20;
T_3.19 ;
    %mov 8, 2, 8;
T_3.20 ;
; Save base=8 wid=8 in lookaside.
    %ix/load 0, 8, 0;
    %assign/v0 v0x21f2b20_0, 0, 8;
    %load/v 8, v0x21f2a30_0, 4; Only need 4 of 20 bits
; Save base=8 wid=4 in lookaside.
    %ix/load 0, 4, 0;
    %assign/v0 v0x21f2c00_0, 0, 8;
    %ix/load 0, 1, 0;
    %assign/v0 v0x21f31e0_0, 0, 1;
    %ix/load 0, 1, 0;
    %assign/v0 v0x21f32a0_0, 0, 0;
    %ix/load 0, 1, 0;
    %assign/v0 v0x21f3440_0, 0, 0;
    %jmp T_3.14;
T_3.13 ;
    %ix/load 1, 18, 0;
    %mov 4, 0, 1;
    %jmp/1 T_3.21, 4;
    %load/x1p 8, v0x21f2a30_0, 2;
    %jmp T_3.22;
T_3.21 ;
    %mov 8, 2, 2;
T_3.22 ;
; Save base=8 wid=2 in lookaside.
    %cmpi/u 8, 2, 2;
    %jmp/0xz  T_3.23, 4;
    %ix/load 1, 14, 0;
    %mov 4, 0, 1;
    %jmp/1 T_3.25, 4;
    %load/x1p 20, v0x21f2a30_0, 2;
    %jmp T_3.26;
T_3.25 ;
    %mov 20, 2, 2;
T_3.26 ;
    %mov 16, 20, 2; Move signal select into place
    %pad 18, 0, 2;
    %ix/get 3, 16, 4;
    %load/av 8, v0x21f2ef0, 8;
    %ix/load 0, 8, 0;
    %assign/v0 v0x21f2d30_0, 0, 8;
    %ix/load 1, 16, 0;
    %mov 4, 0, 1;
    %jmp/1 T_3.27, 4;
    %load/x1p 20, v0x21f2a30_0, 2;
    %jmp T_3.28;
T_3.27 ;
    %mov 20, 2, 2;
T_3.28 ;
    %mov 16, 20, 2; Move signal select into place
    %pad 18, 0, 2;
    %ix/get 3, 16, 4;
    %load/av 8, v0x21f2ef0, 8;
    %ix/load 0, 8, 0;
    %assign/v0 v0x21f2e10_0, 0, 8;
    %ix/load 1, 4, 0;
    %mov 4, 0, 1;
    %jmp/1 T_3.29, 4;
    %load/x1p 8, v0x21f2a30_0, 8;
    %jmp T_3.30;
T_3.29 ;
    %mov 8, 2, 8;
T_3.30 ;
; Save base=8 wid=8 in lookaside.
    %ix/load 0, 8, 0;
    %assign/v0 v0x21f2b20_0, 0, 8;
    %load/v 8, v0x21f2a30_0, 4; Only need 4 of 20 bits
; Save base=8 wid=4 in lookaside.
    %ix/load 0, 4, 0;
    %assign/v0 v0x21f2c00_0, 0, 8;
    %ix/load 0, 1, 0;
    %assign/v0 v0x21f31e0_0, 0, 0;
    %ix/load 0, 1, 0;
    %assign/v0 v0x21f32a0_0, 0, 1;
    %ix/load 0, 1, 0;
    %assign/v0 v0x21f3440_0, 0, 0;
    %jmp T_3.24;
T_3.23 ;
    %ix/load 1, 18, 0;
    %mov 4, 0, 1;
    %jmp/1 T_3.31, 4;
    %load/x1p 8, v0x21f2a30_0, 2;
    %jmp T_3.32;
T_3.31 ;
    %mov 8, 2, 2;
T_3.32 ;
; Save base=8 wid=2 in lookaside.
    %cmpi/u 8, 3, 2;
    %jmp/0xz  T_3.33, 4;
    %ix/load 1, 14, 0;
    %mov 4, 0, 1;
    %jmp/1 T_3.35, 4;
    %load/x1p 20, v0x21f2a30_0, 2;
    %jmp T_3.36;
T_3.35 ;
    %mov 20, 2, 2;
T_3.36 ;
    %mov 16, 20, 2; Move signal select into place
    %pad 18, 0, 2;
    %ix/get 3, 16, 4;
    %load/av 8, v0x21f2ef0, 8;
    %ix/load 0, 8, 0;
    %assign/v0 v0x21f2d30_0, 0, 8;
    %ix/load 1, 16, 0;
    %mov 4, 0, 1;
    %jmp/1 T_3.37, 4;
    %load/x1p 20, v0x21f2a30_0, 2;
    %jmp T_3.38;
T_3.37 ;
    %mov 20, 2, 2;
T_3.38 ;
    %mov 16, 20, 2; Move signal select into place
    %pad 18, 0, 2;
    %ix/get 3, 16, 4;
    %load/av 8, v0x21f2ef0, 8;
    %ix/load 0, 8, 0;
    %assign/v0 v0x21f2e10_0, 0, 8;
    %ix/load 1, 4, 0;
    %mov 4, 0, 1;
    %jmp/1 T_3.39, 4;
    %load/x1p 8, v0x21f2a30_0, 8;
    %jmp T_3.40;
T_3.39 ;
    %mov 8, 2, 8;
T_3.40 ;
; Save base=8 wid=8 in lookaside.
    %ix/load 0, 8, 0;
    %assign/v0 v0x21f2b20_0, 0, 8;
    %load/v 8, v0x21f2a30_0, 4; Only need 4 of 20 bits
; Save base=8 wid=4 in lookaside.
    %ix/load 0, 4, 0;
    %assign/v0 v0x21f2c00_0, 0, 8;
    %ix/load 0, 1, 0;
    %assign/v0 v0x21f31e0_0, 0, 0;
    %ix/load 0, 1, 0;
    %assign/v0 v0x21f32a0_0, 0, 1;
    %ix/load 0, 1, 0;
    %assign/v0 v0x21f3440_0, 0, 1;
T_3.33 ;
T_3.24 ;
T_3.14 ;
    %jmp T_3.6;
T_3.2 ;
    %movi 8, 4, 4;
    %set/v v0x21f3360_0, 8, 4;
    %ix/load 1, 18, 0;
    %mov 4, 0, 1;
    %jmp/1 T_3.41, 4;
    %load/x1p 8, v0x21f2a30_0, 2;
    %jmp T_3.42;
T_3.41 ;
    %mov 8, 2, 2;
T_3.42 ;
; Save base=8 wid=2 in lookaside.
    %cmpi/u 8, 1, 2;
    %jmp/0xz  T_3.43, 4;
    %movi 8, 8, 4;
    %set/v v0x21f3360_0, 8, 4;
    %ix/load 1, 14, 0;
    %mov 4, 0, 1;
    %jmp/1 T_3.45, 4;
    %load/x1p 20, v0x21f2a30_0, 2;
    %jmp T_3.46;
T_3.45 ;
    %mov 20, 2, 2;
T_3.46 ;
    %mov 16, 20, 2; Move signal select into place
    %pad 18, 0, 2;
    %ix/get 3, 16, 4;
    %load/av 8, v0x21f2ef0, 8;
    %ix/load 0, 8, 0;
    %assign/v0 v0x21f2d30_0, 0, 8;
    %ix/load 1, 12, 0;
    %mov 4, 0, 1;
    %jmp/1 T_3.47, 4;
    %load/x1p 20, v0x21f2a30_0, 2;
    %jmp T_3.48;
T_3.47 ;
    %mov 20, 2, 2;
T_3.48 ;
    %mov 16, 20, 2; Move signal select into place
    %pad 18, 0, 2;
    %ix/get 3, 16, 4;
    %load/av 8, v0x21f2ef0, 8;
    %ix/load 0, 8, 0;
    %assign/v0 v0x21f2e10_0, 0, 8;
    %ix/load 1, 4, 0;
    %mov 4, 0, 1;
    %jmp/1 T_3.49, 4;
    %load/x1p 8, v0x21f2a30_0, 8;
    %jmp T_3.50;
T_3.49 ;
    %mov 8, 2, 8;
T_3.50 ;
; Save base=8 wid=8 in lookaside.
    %ix/load 0, 8, 0;
    %assign/v0 v0x21f2b20_0, 0, 8;
    %load/v 8, v0x21f2a30_0, 4; Only need 4 of 20 bits
; Save base=8 wid=4 in lookaside.
    %ix/load 0, 4, 0;
    %assign/v0 v0x21f2c00_0, 0, 8;
    %ix/load 0, 1, 0;
    %assign/v0 v0x21f31e0_0, 0, 1;
    %ix/load 0, 1, 0;
    %assign/v0 v0x21f32a0_0, 0, 0;
    %ix/load 0, 1, 0;
    %assign/v0 v0x21f3440_0, 0, 0;
    %jmp T_3.44;
T_3.43 ;
    %ix/load 1, 18, 0;
    %mov 4, 0, 1;
    %jmp/1 T_3.51, 4;
    %load/x1p 8, v0x21f2a30_0, 2;
    %jmp T_3.52;
T_3.51 ;
    %mov 8, 2, 2;
T_3.52 ;
; Save base=8 wid=2 in lookaside.
    %cmpi/u 8, 2, 2;
    %jmp/0xz  T_3.53, 4;
    %ix/load 1, 14, 0;
    %mov 4, 0, 1;
    %jmp/1 T_3.55, 4;
    %load/x1p 20, v0x21f2a30_0, 2;
    %jmp T_3.56;
T_3.55 ;
    %mov 20, 2, 2;
T_3.56 ;
    %mov 16, 20, 2; Move signal select into place
    %pad 18, 0, 2;
    %ix/get 3, 16, 4;
    %load/av 8, v0x21f2ef0, 8;
    %ix/load 0, 8, 0;
    %assign/v0 v0x21f2d30_0, 0, 8;
    %ix/load 1, 16, 0;
    %mov 4, 0, 1;
    %jmp/1 T_3.57, 4;
    %load/x1p 20, v0x21f2a30_0, 2;
    %jmp T_3.58;
T_3.57 ;
    %mov 20, 2, 2;
T_3.58 ;
    %mov 16, 20, 2; Move signal select into place
    %pad 18, 0, 2;
    %ix/get 3, 16, 4;
    %load/av 8, v0x21f2ef0, 8;
    %ix/load 0, 8, 0;
    %assign/v0 v0x21f2e10_0, 0, 8;
    %ix/load 1, 4, 0;
    %mov 4, 0, 1;
    %jmp/1 T_3.59, 4;
    %load/x1p 8, v0x21f2a30_0, 8;
    %jmp T_3.60;
T_3.59 ;
    %mov 8, 2, 8;
T_3.60 ;
; Save base=8 wid=8 in lookaside.
    %ix/load 0, 8, 0;
    %assign/v0 v0x21f2b20_0, 0, 8;
    %load/v 8, v0x21f2a30_0, 4; Only need 4 of 20 bits
; Save base=8 wid=4 in lookaside.
    %ix/load 0, 4, 0;
    %assign/v0 v0x21f2c00_0, 0, 8;
    %ix/load 0, 1, 0;
    %assign/v0 v0x21f31e0_0, 0, 0;
    %ix/load 0, 1, 0;
    %assign/v0 v0x21f32a0_0, 0, 1;
    %ix/load 0, 1, 0;
    %assign/v0 v0x21f3440_0, 0, 0;
    %jmp T_3.54;
T_3.53 ;
    %ix/load 1, 18, 0;
    %mov 4, 0, 1;
    %jmp/1 T_3.61, 4;
    %load/x1p 8, v0x21f2a30_0, 2;
    %jmp T_3.62;
T_3.61 ;
    %mov 8, 2, 2;
T_3.62 ;
; Save base=8 wid=2 in lookaside.
    %cmpi/u 8, 3, 2;
    %jmp/0xz  T_3.63, 4;
    %ix/load 1, 14, 0;
    %mov 4, 0, 1;
    %jmp/1 T_3.65, 4;
    %load/x1p 20, v0x21f2a30_0, 2;
    %jmp T_3.66;
T_3.65 ;
    %mov 20, 2, 2;
T_3.66 ;
    %mov 16, 20, 2; Move signal select into place
    %pad 18, 0, 2;
    %ix/get 3, 16, 4;
    %load/av 8, v0x21f2ef0, 8;
    %ix/load 0, 8, 0;
    %assign/v0 v0x21f2d30_0, 0, 8;
    %ix/load 1, 16, 0;
    %mov 4, 0, 1;
    %jmp/1 T_3.67, 4;
    %load/x1p 20, v0x21f2a30_0, 2;
    %jmp T_3.68;
T_3.67 ;
    %mov 20, 2, 2;
T_3.68 ;
    %mov 16, 20, 2; Move signal select into place
    %pad 18, 0, 2;
    %ix/get 3, 16, 4;
    %load/av 8, v0x21f2ef0, 8;
    %ix/load 0, 8, 0;
    %assign/v0 v0x21f2e10_0, 0, 8;
    %ix/load 1, 4, 0;
    %mov 4, 0, 1;
    %jmp/1 T_3.69, 4;
    %load/x1p 8, v0x21f2a30_0, 8;
    %jmp T_3.70;
T_3.69 ;
    %mov 8, 2, 8;
T_3.70 ;
; Save base=8 wid=8 in lookaside.
    %ix/load 0, 8, 0;
    %assign/v0 v0x21f2b20_0, 0, 8;
    %load/v 8, v0x21f2a30_0, 4; Only need 4 of 20 bits
; Save base=8 wid=4 in lookaside.
    %ix/load 0, 4, 0;
    %assign/v0 v0x21f2c00_0, 0, 8;
    %ix/load 0, 1, 0;
    %assign/v0 v0x21f31e0_0, 0, 0;
    %ix/load 0, 1, 0;
    %assign/v0 v0x21f32a0_0, 0, 1;
    %ix/load 0, 1, 0;
    %assign/v0 v0x21f3440_0, 0, 1;
T_3.63 ;
T_3.54 ;
T_3.44 ;
    %jmp T_3.6;
T_3.3 ;
    %movi 8, 8, 4;
    %set/v v0x21f3360_0, 8, 4;
    %ix/load 1, 18, 0;
    %mov 4, 0, 1;
    %jmp/1 T_3.71, 4;
    %load/x1p 8, v0x21f2a30_0, 2;
    %jmp T_3.72;
T_3.71 ;
    %mov 8, 2, 2;
T_3.72 ;
; Save base=8 wid=2 in lookaside.
    %cmpi/u 8, 2, 2;
    %jmp/0xz  T_3.73, 4;
    %ix/load 1, 14, 0;
    %mov 4, 0, 1;
    %jmp/1 T_3.75, 4;
    %load/x1p 20, v0x21f2a30_0, 2;
    %jmp T_3.76;
T_3.75 ;
    %mov 20, 2, 2;
T_3.76 ;
    %mov 16, 20, 2; Move signal select into place
    %pad 18, 0, 2;
    %ix/get 3, 16, 4;
    %load/av 8, v0x21f2ef0, 8;
    %ix/load 0, 8, 0;
    %assign/v0 v0x21f2d30_0, 0, 8;
    %ix/load 1, 16, 0;
    %mov 4, 0, 1;
    %jmp/1 T_3.77, 4;
    %load/x1p 20, v0x21f2a30_0, 2;
    %jmp T_3.78;
T_3.77 ;
    %mov 20, 2, 2;
T_3.78 ;
    %mov 16, 20, 2; Move signal select into place
    %pad 18, 0, 2;
    %ix/get 3, 16, 4;
    %load/av 8, v0x21f2ef0, 8;
    %ix/load 0, 8, 0;
    %assign/v0 v0x21f2e10_0, 0, 8;
    %ix/load 1, 4, 0;
    %mov 4, 0, 1;
    %jmp/1 T_3.79, 4;
    %load/x1p 8, v0x21f2a30_0, 8;
    %jmp T_3.80;
T_3.79 ;
    %mov 8, 2, 8;
T_3.80 ;
; Save base=8 wid=8 in lookaside.
    %ix/load 0, 8, 0;
    %assign/v0 v0x21f2b20_0, 0, 8;
    %load/v 8, v0x21f2a30_0, 4; Only need 4 of 20 bits
; Save base=8 wid=4 in lookaside.
    %ix/load 0, 4, 0;
    %assign/v0 v0x21f2c00_0, 0, 8;
    %ix/load 0, 1, 0;
    %assign/v0 v0x21f31e0_0, 0, 0;
    %ix/load 0, 1, 0;
    %assign/v0 v0x21f32a0_0, 0, 1;
    %ix/load 0, 1, 0;
    %assign/v0 v0x21f3440_0, 0, 0;
    %jmp T_3.74;
T_3.73 ;
    %ix/load 1, 18, 0;
    %mov 4, 0, 1;
    %jmp/1 T_3.81, 4;
    %load/x1p 8, v0x21f2a30_0, 2;
    %jmp T_3.82;
T_3.81 ;
    %mov 8, 2, 2;
T_3.82 ;
; Save base=8 wid=2 in lookaside.
    %cmpi/u 8, 3, 2;
    %jmp/0xz  T_3.83, 4;
    %ix/load 1, 14, 0;
    %mov 4, 0, 1;
    %jmp/1 T_3.85, 4;
    %load/x1p 20, v0x21f2a30_0, 2;
    %jmp T_3.86;
T_3.85 ;
    %mov 20, 2, 2;
T_3.86 ;
    %mov 16, 20, 2; Move signal select into place
    %pad 18, 0, 2;
    %ix/get 3, 16, 4;
    %load/av 8, v0x21f2ef0, 8;
    %ix/load 0, 8, 0;
    %assign/v0 v0x21f2d30_0, 0, 8;
    %ix/load 1, 16, 0;
    %mov 4, 0, 1;
    %jmp/1 T_3.87, 4;
    %load/x1p 20, v0x21f2a30_0, 2;
    %jmp T_3.88;
T_3.87 ;
    %mov 20, 2, 2;
T_3.88 ;
    %mov 16, 20, 2; Move signal select into place
    %pad 18, 0, 2;
    %ix/get 3, 16, 4;
    %load/av 8, v0x21f2ef0, 8;
    %ix/load 0, 8, 0;
    %assign/v0 v0x21f2e10_0, 0, 8;
    %ix/load 1, 4, 0;
    %mov 4, 0, 1;
    %jmp/1 T_3.89, 4;
    %load/x1p 8, v0x21f2a30_0, 8;
    %jmp T_3.90;
T_3.89 ;
    %mov 8, 2, 8;
T_3.90 ;
; Save base=8 wid=8 in lookaside.
    %ix/load 0, 8, 0;
    %assign/v0 v0x21f2b20_0, 0, 8;
    %load/v 8, v0x21f2a30_0, 4; Only need 4 of 20 bits
; Save base=8 wid=4 in lookaside.
    %ix/load 0, 4, 0;
    %assign/v0 v0x21f2c00_0, 0, 8;
    %ix/load 0, 1, 0;
    %assign/v0 v0x21f31e0_0, 0, 0;
    %ix/load 0, 1, 0;
    %assign/v0 v0x21f32a0_0, 0, 1;
    %ix/load 0, 1, 0;
    %assign/v0 v0x21f3440_0, 0, 1;
T_3.83 ;
T_3.74 ;
    %jmp T_3.6;
T_3.4 ;
    %movi 8, 1, 4;
    %set/v v0x21f3360_0, 8, 4;
    %ix/load 1, 18, 0;
    %mov 4, 0, 1;
    %jmp/1 T_3.91, 4;
    %load/x1p 8, v0x21f2a30_0, 2;
    %jmp T_3.92;
T_3.91 ;
    %mov 8, 2, 2;
T_3.92 ;
; Save base=8 wid=2 in lookaside.
    %cmpi/u 8, 1, 2;
    %jmp/0xz  T_3.93, 4;
    %load/v 8, v0x21f2fb0_0, 8;
    %ix/load 1, 16, 0;
    %mov 4, 0, 1;
    %jmp/1 T_3.95, 4;
    %load/x1p 20, v0x21f2a30_0, 2;
    %jmp T_3.96;
T_3.95 ;
    %mov 20, 2, 2;
T_3.96 ;
    %mov 16, 20, 2; Move signal select into place
    %pad 18, 0, 2;
    %ix/get 3, 16, 4;
    %jmp/1 t_8, 4;
    %ix/load 1, 0, 0; part off
    %ix/load 0, 8, 0; word width
    %assign/av v0x21f2ef0, 0, 8;
t_8 ;
    %ix/load 1, 14, 0;
    %mov 4, 0, 1;
    %jmp/1 T_3.97, 4;
    %load/x1p 20, v0x21f2a30_0, 2;
    %jmp T_3.98;
T_3.97 ;
    %mov 20, 2, 2;
T_3.98 ;
    %mov 16, 20, 2; Move signal select into place
    %pad 18, 0, 2;
    %ix/get 3, 16, 4;
    %load/av 8, v0x21f2ef0, 8;
    %ix/load 0, 8, 0;
    %assign/v0 v0x21f2d30_0, 0, 8;
    %ix/load 1, 12, 0;
    %mov 4, 0, 1;
    %jmp/1 T_3.99, 4;
    %load/x1p 20, v0x21f2a30_0, 2;
    %jmp T_3.100;
T_3.99 ;
    %mov 20, 2, 2;
T_3.100 ;
    %mov 16, 20, 2; Move signal select into place
    %pad 18, 0, 2;
    %ix/get 3, 16, 4;
    %load/av 8, v0x21f2ef0, 8;
    %ix/load 0, 8, 0;
    %assign/v0 v0x21f2e10_0, 0, 8;
    %ix/load 1, 4, 0;
    %mov 4, 0, 1;
    %jmp/1 T_3.101, 4;
    %load/x1p 8, v0x21f2a30_0, 8;
    %jmp T_3.102;
T_3.101 ;
    %mov 8, 2, 8;
T_3.102 ;
; Save base=8 wid=8 in lookaside.
    %ix/load 0, 8, 0;
    %assign/v0 v0x21f2b20_0, 0, 8;
    %load/v 8, v0x21f2a30_0, 4; Only need 4 of 20 bits
; Save base=8 wid=4 in lookaside.
    %ix/load 0, 4, 0;
    %assign/v0 v0x21f2c00_0, 0, 8;
    %ix/load 0, 1, 0;
    %assign/v0 v0x21f31e0_0, 0, 1;
    %ix/load 0, 1, 0;
    %assign/v0 v0x21f32a0_0, 0, 0;
    %ix/load 0, 1, 0;
    %assign/v0 v0x21f3440_0, 0, 0;
    %jmp T_3.94;
T_3.93 ;
    %ix/load 1, 18, 0;
    %mov 4, 0, 1;
    %jmp/1 T_3.103, 4;
    %load/x1p 8, v0x21f2a30_0, 2;
    %jmp T_3.104;
T_3.103 ;
    %mov 8, 2, 2;
T_3.104 ;
; Save base=8 wid=2 in lookaside.
    %cmpi/u 8, 3, 2;
    %jmp/0xz  T_3.105, 4;
    %ix/load 1, 14, 0;
    %mov 4, 0, 1;
    %jmp/1 T_3.107, 4;
    %load/x1p 20, v0x21f2a30_0, 2;
    %jmp T_3.108;
T_3.107 ;
    %mov 20, 2, 2;
T_3.108 ;
    %mov 16, 20, 2; Move signal select into place
    %pad 18, 0, 2;
    %ix/get 3, 16, 4;
    %load/av 8, v0x21f2ef0, 8;
    %ix/load 0, 8, 0;
    %assign/v0 v0x21f2d30_0, 0, 8;
    %ix/load 1, 16, 0;
    %mov 4, 0, 1;
    %jmp/1 T_3.109, 4;
    %load/x1p 20, v0x21f2a30_0, 2;
    %jmp T_3.110;
T_3.109 ;
    %mov 20, 2, 2;
T_3.110 ;
    %mov 16, 20, 2; Move signal select into place
    %pad 18, 0, 2;
    %ix/get 3, 16, 4;
    %load/av 8, v0x21f2ef0, 8;
    %ix/load 0, 8, 0;
    %assign/v0 v0x21f2e10_0, 0, 8;
    %ix/load 1, 4, 0;
    %mov 4, 0, 1;
    %jmp/1 T_3.111, 4;
    %load/x1p 8, v0x21f2a30_0, 8;
    %jmp T_3.112;
T_3.111 ;
    %mov 8, 2, 8;
T_3.112 ;
; Save base=8 wid=8 in lookaside.
    %ix/load 0, 8, 0;
    %assign/v0 v0x21f2b20_0, 0, 8;
    %load/v 8, v0x21f2a30_0, 4; Only need 4 of 20 bits
; Save base=8 wid=4 in lookaside.
    %ix/load 0, 4, 0;
    %assign/v0 v0x21f2c00_0, 0, 8;
    %ix/load 0, 1, 0;
    %assign/v0 v0x21f31e0_0, 0, 0;
    %ix/load 0, 1, 0;
    %assign/v0 v0x21f32a0_0, 0, 1;
    %ix/load 0, 1, 0;
    %assign/v0 v0x21f3440_0, 0, 1;
    %jmp T_3.106;
T_3.105 ;
    %ix/load 1, 18, 0;
    %mov 4, 0, 1;
    %jmp/1 T_3.113, 4;
    %load/x1p 8, v0x21f2a30_0, 2;
    %jmp T_3.114;
T_3.113 ;
    %mov 8, 2, 2;
T_3.114 ;
; Save base=8 wid=2 in lookaside.
    %cmpi/u 8, 2, 2;
    %jmp/0xz  T_3.115, 4;
    %load/v 8, v0x21f2fb0_0, 8;
    %ix/load 1, 16, 0;
    %mov 4, 0, 1;
    %jmp/1 T_3.117, 4;
    %load/x1p 20, v0x21f2a30_0, 2;
    %jmp T_3.118;
T_3.117 ;
    %mov 20, 2, 2;
T_3.118 ;
    %mov 16, 20, 2; Move signal select into place
    %pad 18, 0, 2;
    %ix/get 3, 16, 4;
    %jmp/1 t_9, 4;
    %ix/load 1, 0, 0; part off
    %ix/load 0, 8, 0; word width
    %assign/av v0x21f2ef0, 0, 8;
t_9 ;
    %ix/load 1, 14, 0;
    %mov 4, 0, 1;
    %jmp/1 T_3.119, 4;
    %load/x1p 20, v0x21f2a30_0, 2;
    %jmp T_3.120;
T_3.119 ;
    %mov 20, 2, 2;
T_3.120 ;
    %mov 16, 20, 2; Move signal select into place
    %pad 18, 0, 2;
    %ix/get 3, 16, 4;
    %load/av 8, v0x21f2ef0, 8;
    %ix/load 0, 8, 0;
    %assign/v0 v0x21f2d30_0, 0, 8;
    %ix/load 1, 16, 0;
    %mov 4, 0, 1;
    %jmp/1 T_3.121, 4;
    %load/x1p 20, v0x21f2a30_0, 2;
    %jmp T_3.122;
T_3.121 ;
    %mov 20, 2, 2;
T_3.122 ;
    %mov 16, 20, 2; Move signal select into place
    %pad 18, 0, 2;
    %ix/get 3, 16, 4;
    %load/av 8, v0x21f2ef0, 8;
    %ix/load 0, 8, 0;
    %assign/v0 v0x21f2e10_0, 0, 8;
    %ix/load 1, 4, 0;
    %mov 4, 0, 1;
    %jmp/1 T_3.123, 4;
    %load/x1p 8, v0x21f2a30_0, 8;
    %jmp T_3.124;
T_3.123 ;
    %mov 8, 2, 8;
T_3.124 ;
; Save base=8 wid=8 in lookaside.
    %ix/load 0, 8, 0;
    %assign/v0 v0x21f2b20_0, 0, 8;
    %load/v 8, v0x21f2a30_0, 4; Only need 4 of 20 bits
; Save base=8 wid=4 in lookaside.
    %ix/load 0, 4, 0;
    %assign/v0 v0x21f2c00_0, 0, 8;
    %ix/load 0, 1, 0;
    %assign/v0 v0x21f31e0_0, 0, 0;
    %ix/load 0, 1, 0;
    %assign/v0 v0x21f32a0_0, 0, 1;
    %ix/load 0, 1, 0;
    %assign/v0 v0x21f3440_0, 0, 0;
T_3.115 ;
T_3.106 ;
T_3.94 ;
    %jmp T_3.6;
T_3.6 ;
    %jmp T_3;
    .thread T_3;
    .scope S_0x2197c00;
T_4 ;
    %set/v v0x21f68a0_0, 1, 1;
    %set/v v0x21f6a90_0, 1, 1;
    %set/v v0x21f69d0_0, 0, 20;
    %movi 8, 3, 3;
T_4.0 %cmp/s 0, 8, 3;
    %jmp/0xz T_4.1, 5;
    %add 8, 1, 3;
    %delay 1000, 0;
    %load/v 11, v0x21f68a0_0, 1;
    %inv 11, 1;
    %set/v v0x21f68a0_0, 11, 1;
    %jmp T_4.0;
T_4.1 ;
    %set/v v0x21f6a90_0, 0, 1;
    %movi 8, 2, 3;
T_4.2 %cmp/s 0, 8, 3;
    %jmp/0xz T_4.3, 5;
    %add 8, 1, 3;
    %delay 1000, 0;
    %load/v 11, v0x21f68a0_0, 1;
    %inv 11, 1;
    %set/v v0x21f68a0_0, 11, 1;
    %jmp T_4.2;
T_4.3 ;
    %movi 8, 290816, 20;
    %set/v v0x21f69d0_0, 8, 20;
    %movi 8, 8, 5;
T_4.4 %cmp/s 0, 8, 5;
    %jmp/0xz T_4.5, 5;
    %add 8, 1, 5;
    %delay 1000, 0;
    %load/v 13, v0x21f68a0_0, 1;
    %inv 13, 1;
    %set/v v0x21f68a0_0, 13, 1;
    %jmp T_4.4;
T_4.5 ;
    %movi 8, 339968, 20;
    %set/v v0x21f69d0_0, 8, 20;
    %movi 8, 6, 4;
T_4.6 %cmp/s 0, 8, 4;
    %jmp/0xz T_4.7, 5;
    %add 8, 1, 4;
    %delay 1000, 0;
    %load/v 12, v0x21f68a0_0, 1;
    %inv 12, 1;
    %set/v v0x21f68a0_0, 12, 1;
    %jmp T_4.6;
T_4.7 ;
    %movi 8, 466945, 20;
    %set/v v0x21f69d0_0, 8, 20;
    %movi 8, 6, 4;
T_4.8 %cmp/s 0, 8, 4;
    %jmp/0xz T_4.9, 5;
    %add 8, 1, 4;
    %delay 1000, 0;
    %load/v 12, v0x21f68a0_0, 1;
    %inv 12, 1;
    %set/v v0x21f68a0_0, 12, 1;
    %jmp T_4.8;
T_4.9 ;
    %movi 8, 884976, 20;
    %set/v v0x21f69d0_0, 8, 20;
    %movi 8, 6, 4;
T_4.10 %cmp/s 0, 8, 4;
    %jmp/0xz T_4.11, 5;
    %add 8, 1, 4;
    %delay 1000, 0;
    %load/v 12, v0x21f68a0_0, 1;
    %inv 12, 1;
    %set/v v0x21f68a0_0, 12, 1;
    %jmp T_4.10;
T_4.11 ;
    %movi 8, 835936, 20;
    %set/v v0x21f69d0_0, 8, 20;
    %movi 8, 6, 4;
T_4.12 %cmp/s 0, 8, 4;
    %jmp/0xz T_4.13, 5;
    %add 8, 1, 4;
    %delay 1000, 0;
    %load/v 12, v0x21f68a0_0, 1;
    %inv 12, 1;
    %set/v v0x21f68a0_0, 12, 1;
    %jmp T_4.12;
T_4.13 ;
    %movi 8, 753904, 20;
    %set/v v0x21f69d0_0, 8, 20;
    %movi 8, 7, 4;
T_4.14 %cmp/s 0, 8, 4;
    %jmp/0xz T_4.15, 5;
    %add 8, 1, 4;
    %delay 1000, 0;
    %load/v 12, v0x21f68a0_0, 1;
    %inv 12, 1;
    %set/v v0x21f68a0_0, 12, 1;
    %jmp T_4.14;
T_4.15 ;
    %end;
    .thread T_4;
# The file index is used to find the file name in the following table.
:file_names 4;
    "N/A";
    "<interactive>";
    "testbench.sv";
    "design.sv";
